2026/01/09 17:34:25 Database connected successfully
[GIN-debug] [WARNING] Creating an Engine instance with the Logger and Recovery middleware already attached.

[GIN-debug] [WARNING] Running in "debug" mode. Switch to "release" mode in production.
 - using env:	export GIN_MODE=release
 - using code:	gin.SetMode(gin.ReleaseMode)

[GIN-debug] POST   /api/auth/login           --> monera-digital/internal/handlers.(*Handler).Login-fm (5 handlers)
[GIN-debug] POST   /api/auth/register        --> monera-digital/internal/handlers.(*Handler).Register-fm (5 handlers)
[GIN-debug] GET    /api/auth/me              --> monera-digital/internal/handlers.(*Handler).GetMe-fm (6 handlers)
[GIN-debug] POST   /api/auth/2fa/setup       --> monera-digital/internal/handlers.(*Handler).Setup2FA-fm (6 handlers)
[GIN-debug] POST   /api/auth/2fa/enable      --> monera-digital/internal/handlers.(*Handler).Enable2FA-fm (6 handlers)
[GIN-debug] POST   /api/auth/2fa/verify-login --> monera-digital/internal/handlers.(*Handler).Verify2FALogin-fm (5 handlers)
[GIN-debug] POST   /api/lending/apply        --> monera-digital/internal/handlers.(*Handler).ApplyForLending-fm (6 handlers)
[GIN-debug] GET    /api/lending/positions    --> monera-digital/internal/handlers.(*Handler).GetUserPositions-fm (6 handlers)
[GIN-debug] GET    /api/addresses            --> monera-digital/internal/handlers.(*Handler).GetAddresses-fm (6 handlers)
[GIN-debug] POST   /api/addresses            --> monera-digital/internal/handlers.(*Handler).AddAddress-fm (6 handlers)
[GIN-debug] POST   /api/addresses/:id/verify --> monera-digital/internal/handlers.(*Handler).VerifyAddress-fm (6 handlers)
[GIN-debug] POST   /api/addresses/:id/primary --> monera-digital/internal/handlers.(*Handler).SetPrimaryAddress-fm (6 handlers)
[GIN-debug] DELETE /api/addresses/:id        --> monera-digital/internal/handlers.(*Handler).DeactivateAddress-fm (6 handlers)
[GIN-debug] GET    /api/withdrawals          --> monera-digital/internal/handlers.(*Handler).GetWithdrawals-fm (6 handlers)
[GIN-debug] POST   /api/withdrawals          --> monera-digital/internal/handlers.(*Handler).CreateWithdrawal-fm (6 handlers)
[GIN-debug] GET    /api/withdrawals/:id      --> monera-digital/internal/handlers.(*Handler).GetWithdrawalByID-fm (6 handlers)
[GIN-debug] GET    /api/docs                 --> monera-digital/internal/handlers.(*Handler).GetDocs-fm (5 handlers)
2026/01/09 17:34:25 Server starting on port 8081
[GIN-debug] [WARNING] You trusted all proxies, this is NOT safe. We recommend you to set a value.
Please check https://github.com/gin-gonic/gin/blob/master/docs/doc.md#dont-trust-all-proxies for details.
[GIN-debug] Listening and serving HTTP on :8081
[GIN] 2026/01/09 - 17:34:50 | 401 |  579.660083ms |             ::1 | POST     "/api/auth/login"
[GIN] 2026/01/09 - 17:34:50 | 401 |  579.851292ms |             ::1 | POST     "/api/auth/login"
